<?xml version="1.0" encoding="utf-8"?><testsuites name="pytest tests"><testsuite name="pytest" errors="0" failures="0" skipped="0" tests="21" time="60.629" timestamp="2026-04-12T16:16:15.845733+00:00" hostname="agent-env-c1fad5b6-5fda-4a28-9cb6-10f6f03ed31c"><testcase classname="backend.tests.test_policy_templates.TestPolicyTemplatesEndpoint" name="test_templates_endpoint_returns_200" time="0.667" /><testcase classname="backend.tests.test_policy_templates.TestPolicyTemplatesEndpoint" name="test_templates_returns_10_templates" time="0.113" /><testcase classname="backend.tests.test_policy_templates.TestPolicyTemplatesEndpoint" name="test_template_has_required_fields" time="0.176" /><testcase classname="backend.tests.test_policy_templates.TestPolicyTemplatesEndpoint" name="test_template_categories" time="0.113" /><testcase classname="backend.tests.test_policy_templates.TestPolicyTemplatesEndpoint" name="test_template_frameworks_structure" time="0.141" /><testcase classname="backend.tests.test_policy_templates.TestPolicyTemplatesEndpoint" name="test_template_siem_thresholds_structure" time="0.143" /><testcase classname="backend.tests.test_policy_templates.TestPolicyTemplatesEndpoint" name="test_specific_templates_exist" time="0.145" /><testcase classname="backend.tests.test_policy_templates.TestOrgProfileEndpoint" name="test_get_org_profile_returns_200" time="0.106" /><testcase classname="backend.tests.test_policy_templates.TestOrgProfileEndpoint" name="test_save_org_profile" time="0.128" /><testcase classname="backend.tests.test_policy_templates.TestOrgProfileEndpoint" name="test_get_saved_org_profile" time="0.222" /><testcase classname="backend.tests.test_policy_templates.TestOrgProfileEndpoint" name="test_org_profile_requires_org_name" time="0.115" /><testcase classname="backend.tests.test_policy_templates.TestDocumentTagsEndpoint" name="test_get_document_tags_returns_200" time="0.103" /><testcase classname="backend.tests.test_policy_templates.TestDocumentTagsEndpoint" name="test_create_document_tag" time="0.121" /><testcase classname="backend.tests.test_policy_templates.TestDocumentTagsEndpoint" name="test_delete_document_tag" time="0.361" /><testcase classname="backend.tests.test_policy_templates.TestGeneratedPoliciesEndpoint" name="test_get_generated_policies_returns_200" time="0.107" /><testcase classname="backend.tests.test_policy_templates.TestGeneratedPoliciesEndpoint" name="test_get_nonexistent_policy_returns_404" time="0.109" /><testcase classname="backend.tests.test_policy_templates.TestPolicyGenerateEndpoint" name="test_generate_requires_valid_template_id" time="0.122" /><testcase classname="backend.tests.test_policy_templates.TestPolicyGenerateEndpoint" name="test_generate_endpoint_accepts_valid_request" time="57.016" /><testcase classname="backend.tests.test_policy_templates.TestAuthenticationRequired" name="test_templates_requires_auth" time="0.203" /><testcase classname="backend.tests.test_policy_templates.TestAuthenticationRequired" name="test_org_profile_requires_auth" time="0.115" /><testcase classname="backend.tests.test_policy_templates.TestAuthenticationRequired" name="test_document_tags_requires_auth" time="0.108" /></testsuite></testsuites>