<?xml version="1.0" encoding="utf-8"?><testsuites name="pytest tests"><testsuite name="pytest" errors="0" failures="0" skipped="0" tests="14" time="2.104" timestamp="2026-04-27T15:38:25.108557+00:00" hostname="agent-env-7d646d0c-6e37-43e6-8933-706695924c8f"><testcase classname="backend.tests.test_iteration22_asset_inventory" name="test_login_returns_token" time="0.890" /><testcase classname="backend.tests.test_iteration22_asset_inventory" name="test_assets_stats_after_sync" time="0.058" /><testcase classname="backend.tests.test_iteration22_asset_inventory" name="test_list_assets_shape" time="0.061" /><testcase classname="backend.tests.test_iteration22_asset_inventory" name="test_list_assets_filter_by_criticality" time="0.057" /><testcase classname="backend.tests.test_iteration22_asset_inventory" name="test_asset_detail_shape" time="0.115" /><testcase classname="backend.tests.test_iteration22_asset_inventory" name="test_asset_detail_not_found" time="0.052" /><testcase classname="backend.tests.test_iteration22_asset_inventory" name="test_create_update_delete_asset" time="0.307" /><testcase classname="backend.tests.test_iteration22_asset_inventory" name="test_create_asset_invalid_criticality" time="0.050" /><testcase classname="backend.tests.test_iteration22_asset_inventory" name="test_create_asset_invalid_environment" time="0.052" /><testcase classname="backend.tests.test_iteration22_asset_inventory" name="test_update_asset_invalid_criticality" time="0.051" /><testcase classname="backend.tests.test_iteration22_asset_inventory" name="test_backfill_is_idempotent" time="0.148" /><testcase classname="backend.tests.test_iteration22_asset_inventory" name="test_org_risk_score_has_six_factors" time="0.070" /><testcase classname="backend.tests.test_iteration22_asset_inventory" name="test_asset_risk_endpoint" time="0.050" /><testcase classname="backend.tests.test_iteration22_asset_inventory" name="test_criticality_multiplier_ranks_api_gateway_high" time="0.051" /></testsuite></testsuites>