<?xml version="1.0" encoding="utf-8"?><testsuites name="pytest tests"><testsuite name="pytest" errors="0" failures="0" skipped="0" tests="19" time="46.006" timestamp="2026-04-11T00:44:14.881644+00:00" hostname="agent-env-c1fad5b6-5fda-4a28-9cb6-10f6f03ed31c"><testcase classname="backend.tests.test_new_features_phase_b.TestImplementationGuidance" name="test_implementation_guidance_endpoint_exists" time="0.501" /><testcase classname="backend.tests.test_new_features_phase_b.TestImplementationGuidance" name="test_implementation_guidance_response_structure" time="0.054" /><testcase classname="backend.tests.test_new_features_phase_b.TestImplementationGuidance" name="test_implementation_guidance_has_content" time="0.048" /><testcase classname="backend.tests.test_new_features_phase_b.TestImplementationGuidance" name="test_implementation_guidance_nonexistent_control" time="0.051" /><testcase classname="backend.tests.test_new_features_phase_b.TestNISTCSFSIEMMappings" name="test_nist_csf_framework_exists" time="0.049" /><testcase classname="backend.tests.test_new_features_phase_b.TestNISTCSFSIEMMappings" name="test_nist_csf_compliance_overview" time="0.080" /><testcase classname="backend.tests.test_new_features_phase_b.TestNISTCSFSIEMMappings" name="test_nist_csf_technical_controls_have_siem" time="0.063" /><testcase classname="backend.tests.test_new_features_phase_b.TestNISTCSFSIEMMappings" name="test_nist_csf_siem_evidence_endpoint" time="0.064" /><testcase classname="backend.tests.test_new_features_phase_b.TestGDPRSIEMMappings" name="test_gdpr_framework_exists" time="0.048" /><testcase classname="backend.tests.test_new_features_phase_b.TestGDPRSIEMMappings" name="test_gdpr_compliance_overview" time="0.054" /><testcase classname="backend.tests.test_new_features_phase_b.TestGDPRSIEMMappings" name="test_gdpr_technical_controls_have_siem" time="0.052" /><testcase classname="backend.tests.test_new_features_phase_b.TestGDPRSIEMMappings" name="test_gdpr_siem_evidence_endpoint" time="0.052" /><testcase classname="backend.tests.test_new_features_phase_b.TestEnhancedPolicySuggestion" name="test_policy_suggestion_has_satisfied_field" time="13.418" /><testcase classname="backend.tests.test_new_features_phase_b.TestEnhancedPolicySuggestion" name="test_policy_suggestion_has_gaps_field" time="15.840" /><testcase classname="backend.tests.test_new_features_phase_b.TestEnhancedPolicySuggestion" name="test_policy_suggestion_full_structure" time="13.910" /><testcase classname="backend.tests.test_new_features_phase_b.TestDashboardWidgetCustomization" name="test_analytics_endpoint" time="0.062" /><testcase classname="backend.tests.test_new_features_phase_b.TestDashboardWidgetCustomization" name="test_control_effectiveness_dashboard" time="1.438" /><testcase classname="backend.tests.test_new_features_phase_b.TestFrameworkOrganization" name="test_frameworks_list" time="0.061" /><testcase classname="backend.tests.test_new_features_phase_b.TestFrameworkOrganization" name="test_controls_endpoint" time="0.060" /></testsuite></testsuites>