<?xml version="1.0" encoding="utf-8"?><testsuites name="pytest tests"><testsuite name="pytest" errors="0" failures="0" skipped="0" tests="19" time="5.791" timestamp="2026-04-21T19:37:51.953938+00:00" hostname="agent-env-7d646d0c-6e37-43e6-8933-706695924c8f"><testcase classname="backend.tests.test_evidence_collection.TestEvidenceCollectionCollect" name="test_run_collection" time="0.603" /><testcase classname="backend.tests.test_evidence_collection.TestEvidenceCollectionArtifacts" name="test_list_artifacts" time="0.465" /><testcase classname="backend.tests.test_evidence_collection.TestEvidenceCollectionArtifactDetail" name="test_get_artifact_detail" time="0.647" /><testcase classname="backend.tests.test_evidence_collection.TestEvidenceCollectionArtifactDetail" name="test_get_artifact_not_found" time="0.115" /><testcase classname="backend.tests.test_evidence_collection.TestEvidenceCollectionCoverage" name="test_get_coverage" time="0.498" /><testcase classname="backend.tests.test_evidence_collection.TestEvidenceCollectionStats" name="test_get_stats" time="0.468" /><testcase classname="backend.tests.test_evidence_collection.TestEvidenceCollectionRuns" name="test_get_runs" time="0.459" /><testcase classname="backend.tests.test_evidence_collection.TestEvidenceCollectionDelete" name="test_delete_artifact" time="0.879" /><testcase classname="backend.tests.test_evidence_collection.TestEvidenceCollectionDelete" name="test_delete_artifact_not_found" time="0.142" /><testcase classname="backend.tests.test_evidence_collection.TestDocumentationPages" name="test_marketing_page" time="0.123" /><testcase classname="backend.tests.test_evidence_collection.TestDocumentationPages" name="test_security_architecture_page" time="0.132" /><testcase classname="backend.tests.test_evidence_collection.TestDocumentationPages" name="test_ui_walkthrough_page" time="0.144" /><testcase classname="backend.tests.test_evidence_collection.TestDocumentationPages" name="test_pitch_deck_page" time="0.125" /><testcase classname="backend.tests.test_evidence_collection.TestDocumentationPages" name="test_brochure_page" time="0.118" /><testcase classname="backend.tests.test_evidence_collection.TestEvidenceCollectionUnauthorized" name="test_collect_unauthorized" time="0.128" /><testcase classname="backend.tests.test_evidence_collection.TestEvidenceCollectionUnauthorized" name="test_artifacts_unauthorized" time="0.172" /><testcase classname="backend.tests.test_evidence_collection.TestEvidenceCollectionUnauthorized" name="test_coverage_unauthorized" time="0.138" /><testcase classname="backend.tests.test_evidence_collection.TestEvidenceCollectionUnauthorized" name="test_stats_unauthorized" time="0.195" /><testcase classname="backend.tests.test_evidence_collection.TestEvidenceCollectionUnauthorized" name="test_runs_unauthorized" time="0.139" /></testsuite></testsuites>