<?xml version="1.0" encoding="utf-8"?><testsuites name="pytest tests"><testsuite name="pytest" errors="0" failures="0" skipped="0" tests="22" time="38.796" timestamp="2026-04-14T23:51:03.172468+00:00" hostname="agent-env-7d646d0c-6e37-43e6-8933-706695924c8f"><testcase classname="tests.test_ingestion_module.TestSampleFiles" name="test_list_sample_files" time="0.683" /><testcase classname="tests.test_ingestion_module.TestSampleFiles" name="test_download_sample_stig" time="0.134" /><testcase classname="tests.test_ingestion_module.TestSampleFiles" name="test_download_sample_cis" time="0.153" /><testcase classname="tests.test_ingestion_module.TestSampleFiles" name="test_download_sample_pci" time="0.169" /><testcase classname="tests.test_ingestion_module.TestSampleFiles" name="test_download_sample_questionnaire" time="0.112" /><testcase classname="tests.test_ingestion_module.TestSampleFiles" name="test_download_invalid_file_returns_404" time="0.105" /><testcase classname="tests.test_ingestion_module.TestUploadAndParse" name="test_upload_stig_xml" time="0.114" /><testcase classname="tests.test_ingestion_module.TestUploadAndParse" name="test_upload_cis_yaml" time="0.148" /><testcase classname="tests.test_ingestion_module.TestUploadAndParse" name="test_upload_pci_json" time="0.119" /><testcase classname="tests.test_ingestion_module.TestUploadAndParse" name="test_upload_questionnaire_json" time="0.157" /><testcase classname="tests.test_ingestion_module.TestUploadAndParse" name="test_upload_invalid_source_type" time="0.123" /><testcase classname="tests.test_ingestion_module.TestListChecklists" name="test_list_checklists" time="0.113" /><testcase classname="tests.test_ingestion_module.TestChecklistDetail" name="test_get_checklist_detail" time="0.227" /><testcase classname="tests.test_ingestion_module.TestChecklistDetail" name="test_get_nonexistent_checklist_returns_404" time="0.127" /><testcase classname="tests.test_ingestion_module.TestAutoMap" name="test_auto_map_checklist" time="34.348" /><testcase classname="tests.test_ingestion_module.TestAutoMap" name="test_auto_map_nonexistent_checklist_returns_404" time="0.174" /><testcase classname="tests.test_ingestion_module.TestOverlapAnalysis" name="test_get_overlap_analysis" time="0.234" /><testcase classname="tests.test_ingestion_module.TestOverlapAnalysis" name="test_overlap_nonexistent_checklist_returns_404" time="0.114" /><testcase classname="tests.test_ingestion_module.TestSiemStatus" name="test_get_siem_status" time="0.218" /><testcase classname="tests.test_ingestion_module.TestDeleteChecklist" name="test_delete_checklist" time="0.337" /><testcase classname="tests.test_ingestion_module.TestDeleteChecklist" name="test_delete_nonexistent_checklist_returns_404" time="0.127" /><testcase classname="tests.test_ingestion_module.TestCleanup" name="test_cleanup_test_checklists" time="0.563" /></testsuite></testsuites>