<?xml version="1.0" encoding="utf-8"?><testsuites name="pytest tests"><testsuite name="pytest" errors="0" failures="1" skipped="1" tests="22" time="94.943" timestamp="2026-04-22T18:03:53.716583+00:00" hostname="agent-env-7d646d0c-6e37-43e6-8933-706695924c8f"><testcase classname="backend.tests.test_tenable_new_features.TestTenableAutoAssess" name="test_auto_assess_unauthorized" time="0.281" /><testcase classname="backend.tests.test_tenable_new_features.TestTenableAutoAssess" name="test_auto_assess_success" time="0.525" /><testcase classname="backend.tests.test_tenable_new_features.TestTenableAutoAssess" name="test_auto_assess_assessments_structure" time="0.165" /><testcase classname="backend.tests.test_tenable_new_features.TestTenableGeneratePoam" name="test_generate_poam_unauthorized" time="0.182" /><testcase classname="backend.tests.test_tenable_new_features.TestTenableGeneratePoam" name="test_generate_poam_success" time="0.125" /><testcase classname="backend.tests.test_tenable_new_features.TestTenableGeneratePoam" name="test_generate_poam_entries_structure" time="0.161" /><testcase classname="backend.tests.test_tenable_new_features.TestTenableListPoam" name="test_list_poam_unauthorized" time="0.133" /><testcase classname="backend.tests.test_tenable_new_features.TestTenableListPoam" name="test_list_poam_success" time="0.149" /><testcase classname="backend.tests.test_tenable_new_features.TestTenableListPoam" name="test_list_poam_entry_fields" time="0.129" /><testcase classname="backend.tests.test_tenable_new_features.TestTenableListPoam" name="test_list_poam_has_cves_for_vulns" time="0.548" /><testcase classname="backend.tests.test_tenable_new_features.TestTenableUpdatePoamStatus" name="test_update_poam_status_unauthorized" time="0.127" /><testcase classname="backend.tests.test_tenable_new_features.TestTenableUpdatePoamStatus" name="test_update_poam_status_invalid_status" time="0.238" /><testcase classname="backend.tests.test_tenable_new_features.TestTenableUpdatePoamStatus" name="test_update_poam_status_to_in_progress" time="0.372" /><testcase classname="backend.tests.test_tenable_new_features.TestTenableUpdatePoamStatus" name="test_update_poam_status_to_completed" time="0.381" /><testcase classname="backend.tests.test_tenable_new_features.TestTenableUpdatePoamStatus" name="test_update_poam_status_to_delayed" time="0.225" /><testcase classname="backend.tests.test_tenable_new_features.TestTenableUpdatePoamStatus" name="test_update_poam_status_not_found" time="0.113" /><testcase classname="backend.tests.test_tenable_new_features.TestTenableSeverityTimelines" name="test_critical_severity_15_days" time="0.143" /><testcase classname="backend.tests.test_tenable_new_features.TestTenableSeverityTimelines" name="test_high_severity_30_days" time="0.132" /><testcase classname="backend.tests.test_tenable_new_features.TestTenableSeverityTimelines" name="test_medium_severity_90_days" time="0.122" /><testcase classname="backend.tests.test_tenable_new_features.TestTenableGeneratePolicies" name="test_generate_policies_unauthorized" time="0.117" /><testcase classname="backend.tests.test_tenable_new_features.TestTenableGeneratePolicies" name="test_generate_policies_endpoint_exists" time="30.082"><skipped type="pytest.skip" message="Endpoint timed out - this is expected behavior for LLM-based policy generation">/app/backend/tests/test_tenable_new_features.py:365: Endpoint timed out - this is expected behavior for LLM-based policy generation</skipped></testcase><testcase classname="backend.tests.test_tenable_new_features.TestTenableIntegrationFlow" name="test_full_flow_sync_assess_poam" time="60.184"><failure message="AssertionError: Sync failed: The preview environment is not responding. It may be starting up.&#10;  &#10;assert 502 == 200&#10; +  where 502 = &lt;Response [502]&gt;.status_code">backend/tests/test_tenable_new_features.py:379: in test_full_flow_sync_assess_poam
    assert sync_response.status_code == 200, f"Sync failed: {sync_response.text}"
E   AssertionError: Sync failed: The preview environment is not responding. It may be starting up.
E     
E   assert 502 == 200
E    +  where 502 = &lt;Response [502]&gt;.status_code</failure></testcase></testsuite></testsuites>