<?xml version="1.0" encoding="utf-8"?><testsuites name="pytest tests"><testsuite name="pytest" errors="0" failures="0" skipped="0" tests="17" time="26.221" timestamp="2026-04-08T23:05:37.586647+00:00" hostname="agent-env-c1fad5b6-5fda-4a28-9cb6-10f6f03ed31c"><testcase classname="tests.test_new_features_copilot_slack_effectiveness.TestComplianceCopilot" name="test_copilot_sessions_list_empty_or_existing" time="0.487" /><testcase classname="tests.test_new_features_copilot_slack_effectiveness.TestComplianceCopilot" name="test_copilot_chat_sends_message_and_gets_response" time="21.230" /><testcase classname="tests.test_new_features_copilot_slack_effectiveness.TestComplianceCopilot" name="test_copilot_chat_empty_message_rejected" time="0.169" /><testcase classname="tests.test_new_features_copilot_slack_effectiveness.TestComplianceCopilot" name="test_copilot_session_messages_retrieval" time="0.116" /><testcase classname="tests.test_new_features_copilot_slack_effectiveness.TestComplianceCopilot" name="test_copilot_sessions_list_after_chat" time="0.117" /><testcase classname="tests.test_new_features_copilot_slack_effectiveness.TestComplianceCopilot" name="test_copilot_delete_session" time="0.239" /><testcase classname="tests.test_new_features_copilot_slack_effectiveness.TestSlackIntegration" name="test_slack_config_not_configured" time="0.114" /><testcase classname="tests.test_new_features_copilot_slack_effectiveness.TestSlackIntegration" name="test_slack_config_invalid_webhook_rejected" time="0.114" /><testcase classname="tests.test_new_features_copilot_slack_effectiveness.TestSlackIntegration" name="test_slack_config_valid_webhook_format_validation" time="0.403" /><testcase classname="tests.test_new_features_copilot_slack_effectiveness.TestSlackIntegration" name="test_slack_history_returns_list" time="0.136" /><testcase classname="tests.test_new_features_copilot_slack_effectiveness.TestControlEffectiveness" name="test_effectiveness_score_retrieval" time="0.615" /><testcase classname="tests.test_new_features_copilot_slack_effectiveness.TestControlEffectiveness" name="test_effectiveness_framework_summary" time="1.053" /><testcase classname="tests.test_new_features_copilot_slack_effectiveness.TestControlEffectiveness" name="test_effectiveness_override_invalid_score_rejected" time="0.259" /><testcase classname="tests.test_new_features_copilot_slack_effectiveness.TestControlEffectiveness" name="test_effectiveness_override_and_clear" time="0.691" /><testcase classname="tests.test_new_features_copilot_slack_effectiveness.TestAuthentication" name="test_copilot_requires_auth" time="0.119" /><testcase classname="tests.test_new_features_copilot_slack_effectiveness.TestAuthentication" name="test_slack_requires_auth" time="0.125" /><testcase classname="tests.test_new_features_copilot_slack_effectiveness.TestAuthentication" name="test_effectiveness_requires_auth" time="0.130" /></testsuite></testsuites>