<?xml version="1.0" encoding="utf-8"?><testsuites name="pytest tests"><testsuite name="pytest" errors="0" failures="0" skipped="0" tests="33" time="59.609" timestamp="2026-04-24T20:05:59.396488+00:00" hostname="agent-env-7d646d0c-6e37-43e6-8933-706695924c8f"><testcase classname="tests.test_iteration20_new_features.TestRemediationCodeGeneration" name="test_remediation_generate_unauthorized" time="0.197" /><testcase classname="tests.test_iteration20_new_features.TestRemediationCodeGeneration" name="test_remediation_generate_terraform" time="18.081" /><testcase classname="tests.test_iteration20_new_features.TestRemediationCodeGeneration" name="test_remediation_generate_cloudformation" time="16.998" /><testcase classname="tests.test_iteration20_new_features.TestRemediationCodeGeneration" name="test_remediation_generate_kubernetes" time="7.889" /><testcase classname="tests.test_iteration20_new_features.TestRemediationCodeGeneration" name="test_remediation_generate_requires_title" time="0.132" /><testcase classname="tests.test_iteration20_new_features.TestRemediationCodeGeneration" name="test_remediation_templates_list" time="0.115" /><testcase classname="tests.test_iteration20_new_features.TestRemediationCodeGeneration" name="test_remediation_history" time="0.128" /><testcase classname="tests.test_iteration20_new_features.TestExpandedRBAC" name="test_rbac_roles_list" time="0.107" /><testcase classname="tests.test_iteration20_new_features.TestExpandedRBAC" name="test_rbac_users_list" time="0.121" /><testcase classname="tests.test_iteration20_new_features.TestExpandedRBAC" name="test_rbac_my_permissions" time="0.110" /><testcase classname="tests.test_iteration20_new_features.TestExpandedRBAC" name="test_rbac_my_permissions_viewer" time="0.434" /><testcase classname="tests.test_iteration20_new_features.TestExpandedRBAC" name="test_rbac_assign_role_admin_only" time="0.271" /><testcase classname="tests.test_iteration20_new_features.TestExpandedRBAC" name="test_rbac_assign_invalid_role" time="0.111" /><testcase classname="tests.test_iteration20_new_features.TestOSCALSSPExport" name="test_oscal_ssp_export_unauthorized" time="0.124" /><testcase classname="tests.test_iteration20_new_features.TestOSCALSSPExport" name="test_oscal_ssp_export_success" time="0.167" /><testcase classname="tests.test_iteration20_new_features.TestOSCALSSPExport" name="test_oscal_ssp_has_poam_section" time="0.203" /><testcase classname="tests.test_iteration20_new_features.TestComplianceInterrogation" name="test_interrogation_unauthorized" time="0.110" /><testcase classname="tests.test_iteration20_new_features.TestComplianceInterrogation" name="test_interrogation_ask_question" time="4.583" /><testcase classname="tests.test_iteration20_new_features.TestComplianceInterrogation" name="test_interrogation_with_session" time="7.027" /><testcase classname="tests.test_iteration20_new_features.TestPredictiveRiskForecasting" name="test_forecasting_unauthorized" time="0.134" /><testcase classname="tests.test_iteration20_new_features.TestPredictiveRiskForecasting" name="test_forecasting_predict" time="0.120" /><testcase classname="tests.test_iteration20_new_features.TestPredictiveRiskForecasting" name="test_forecasting_warning_structure" time="0.117" /><testcase classname="tests.test_iteration20_new_features.TestTPRM" name="test_tprm_create_vendor_unauthorized" time="0.144" /><testcase classname="tests.test_iteration20_new_features.TestTPRM" name="test_tprm_create_vendor" time="0.224" /><testcase classname="tests.test_iteration20_new_features.TestTPRM" name="test_tprm_list_vendors" time="0.102" /><testcase classname="tests.test_iteration20_new_features.TestTPRM" name="test_tprm_get_vendor_detail" time="0.243" /><testcase classname="tests.test_iteration20_new_features.TestTPRM" name="test_tprm_get_vendor_not_found" time="0.116" /><testcase classname="tests.test_iteration20_new_features.TestTPRM" name="test_tprm_delete_vendor" time="0.353" /><testcase classname="tests.test_iteration20_new_features.TestTPRM" name="test_tprm_update_vendor_status" time="0.245" /><testcase classname="tests.test_iteration20_new_features.TestTPRM" name="test_tprm_questionnaire" time="0.113" /><testcase classname="tests.test_iteration20_new_features.TestTPRM" name="test_tprm_submit_assessment" time="0.225" /><testcase classname="tests.test_iteration20_new_features.TestTPRM" name="test_tprm_dashboard" time="0.232" /><testcase classname="tests.test_iteration20_new_features.TestCleanup" name="test_cleanup_test_vendors" time="0.121" /></testsuite></testsuites>