<?xml version="1.0" encoding="utf-8"?><testsuites name="pytest tests"><testsuite name="pytest" errors="0" failures="0" skipped="0" tests="13" time="18.989" timestamp="2026-04-08T23:16:50.534760+00:00" hostname="agent-env-c1fad5b6-5fda-4a28-9cb6-10f6f03ed31c"><testcase classname="backend.tests.test_control_effectiveness_dashboard.TestControlEffectivenessDashboard" name="test_dashboard_endpoint_returns_200" time="2.563" /><testcase classname="backend.tests.test_control_effectiveness_dashboard.TestControlEffectivenessDashboard" name="test_dashboard_response_structure" time="1.487" /><testcase classname="backend.tests.test_control_effectiveness_dashboard.TestControlEffectivenessDashboard" name="test_dashboard_overall_score_valid" time="1.418" /><testcase classname="backend.tests.test_control_effectiveness_dashboard.TestControlEffectivenessDashboard" name="test_dashboard_overall_grade_valid" time="1.493" /><testcase classname="backend.tests.test_control_effectiveness_dashboard.TestControlEffectivenessDashboard" name="test_dashboard_distribution_structure" time="1.439" /><testcase classname="backend.tests.test_control_effectiveness_dashboard.TestControlEffectivenessDashboard" name="test_dashboard_frameworks_array" time="1.485" /><testcase classname="backend.tests.test_control_effectiveness_dashboard.TestControlEffectivenessDashboard" name="test_dashboard_framework_item_structure" time="1.470" /><testcase classname="backend.tests.test_control_effectiveness_dashboard.TestControlEffectivenessDashboard" name="test_dashboard_framework_distribution_structure" time="1.504" /><testcase classname="backend.tests.test_control_effectiveness_dashboard.TestControlEffectivenessDashboard" name="test_dashboard_total_controls_matches_distribution" time="1.478" /><testcase classname="backend.tests.test_control_effectiveness_dashboard.TestControlEffectivenessDashboard" name="test_dashboard_requires_auth" time="0.166" /><testcase classname="backend.tests.test_control_effectiveness_dashboard.TestDashboardDataConsistency" name="test_framework_scores_within_range" time="1.442" /><testcase classname="backend.tests.test_control_effectiveness_dashboard.TestDashboardDataConsistency" name="test_framework_grades_valid" time="1.498" /><testcase classname="backend.tests.test_control_effectiveness_dashboard.TestDashboardDataConsistency" name="test_total_frameworks_matches_array_length" time="1.464" /></testsuite></testsuites>