<?xml version="1.0" encoding="utf-8"?><testsuites name="pytest tests"><testsuite name="pytest" errors="0" failures="0" skipped="0" tests="16" time="15.212" timestamp="2026-04-09T00:14:08.171415+00:00" hostname="agent-env-c1fad5b6-5fda-4a28-9cb6-10f6f03ed31c"><testcase classname="backend.tests.test_siem_sources_ingestion.TestSIEMSourceManagement" name="test_list_sources" time="0.650" /><testcase classname="backend.tests.test_siem_sources_ingestion.TestSIEMSourceManagement" name="test_create_source_splunk" time="0.110" /><testcase classname="backend.tests.test_siem_sources_ingestion.TestSIEMSourceManagement" name="test_create_source_cloudtrail" time="0.127" /><testcase classname="backend.tests.test_siem_sources_ingestion.TestSIEMSourceManagement" name="test_create_source_generic" time="0.117" /><testcase classname="backend.tests.test_siem_sources_ingestion.TestWebhookIngestion" name="test_ingest_splunk_format" time="0.615" /><testcase classname="backend.tests.test_siem_sources_ingestion.TestWebhookIngestion" name="test_ingest_generic_format" time="0.111" /><testcase classname="backend.tests.test_siem_sources_ingestion.TestWebhookIngestion" name="test_ingest_invalid_api_key" time="0.107" /><testcase classname="backend.tests.test_siem_sources_ingestion.TestWebhookIngestion" name="test_ingest_invalid_source_key" time="0.114" /><testcase classname="backend.tests.test_siem_sources_ingestion.TestWebhookIngestion" name="test_ingest_cloudtrail_format" time="0.237" /><testcase classname="backend.tests.test_siem_sources_ingestion.TestSimulator" name="test_simulator_status" time="0.580" /><testcase classname="backend.tests.test_siem_sources_ingestion.TestSimulator" name="test_simulator_start" time="0.231" /><testcase classname="backend.tests.test_siem_sources_ingestion.TestSimulator" name="test_simulator_generates_events" time="10.331" /><testcase classname="backend.tests.test_siem_sources_ingestion.TestSimulator" name="test_simulator_stop" time="0.232" /><testcase classname="backend.tests.test_siem_sources_ingestion.TestSourceDeletion" name="test_delete_source" time="0.693" /><testcase classname="backend.tests.test_siem_sources_ingestion.TestSourceDeletion" name="test_delete_nonexistent_source" time="0.111" /><testcase classname="backend.tests.test_siem_sources_ingestion.TestSourceDeletion" name="test_cleanup_test_sources" time="0.738" /></testsuite></testsuites>