<?xml version="1.0" encoding="utf-8"?><testsuites name="pytest tests"><testsuite name="pytest" errors="0" failures="0" skipped="0" tests="14" time="2.445" timestamp="2026-04-21T18:51:41.723279+00:00" hostname="agent-env-7d646d0c-6e37-43e6-8933-706695924c8f"><testcase classname="backend.tests.test_phase_bc_risk_policy.TestRiskScoringOrgScore" name="test_get_org_risk_score" time="0.692" /><testcase classname="backend.tests.test_phase_bc_risk_policy.TestRiskScoringFrameworkScores" name="test_get_framework_risk_scores" time="0.145" /><testcase classname="backend.tests.test_phase_bc_risk_policy.TestRiskScoringTrend" name="test_get_risk_trend_default" time="0.117" /><testcase classname="backend.tests.test_phase_bc_risk_policy.TestRiskScoringTrend" name="test_get_risk_trend_custom_days" time="0.146" /><testcase classname="backend.tests.test_phase_bc_risk_policy.TestRiskScoringAlerts" name="test_get_risk_alerts" time="0.123" /><testcase classname="backend.tests.test_phase_bc_risk_policy.TestPolicyEngineRules" name="test_list_policy_rules" time="0.112" /><testcase classname="backend.tests.test_phase_bc_risk_policy.TestPolicyEngineEvaluate" name="test_evaluate_config_with_violations" time="0.114" /><testcase classname="backend.tests.test_phase_bc_risk_policy.TestPolicyEngineEvaluate" name="test_evaluate_config_all_pass" time="0.108" /><testcase classname="backend.tests.test_phase_bc_risk_policy.TestPolicyEngineCustomRules" name="test_create_custom_rule" time="0.133" /><testcase classname="backend.tests.test_phase_bc_risk_policy.TestPolicyEngineEvaluationHistory" name="test_list_evaluations" time="0.130" /><testcase classname="backend.tests.test_phase_bc_risk_policy.TestDriftSnapshot" name="test_create_drift_snapshot" time="0.148" /><testcase classname="backend.tests.test_phase_bc_risk_policy.TestDriftDetect" name="test_detect_drift" time="0.134" /><testcase classname="backend.tests.test_phase_bc_risk_policy.TestDriftSnapshots" name="test_list_snapshots" time="0.124" /><testcase classname="backend.tests.test_phase_bc_risk_policy.TestCleanup" name="test_cleanup_test_data" time="0.108" /></testsuite></testsuites>