<?xml version="1.0" encoding="utf-8"?><testsuites name="pytest tests"><testsuite name="pytest" errors="0" failures="0" skipped="0" tests="19" time="90.306" timestamp="2026-04-09T01:35:03.046154+00:00" hostname="agent-env-c1fad5b6-5fda-4a28-9cb6-10f6f03ed31c"><testcase classname="backend.tests.test_control_compliance.TestControlComplianceOverview" name="test_get_compliance_overview_success" time="0.749" /><testcase classname="backend.tests.test_control_compliance.TestControlComplianceOverview" name="test_compliance_overview_control_structure" time="0.071" /><testcase classname="backend.tests.test_control_compliance.TestControlComplianceOverview" name="test_compliance_overview_technical_controls" time="0.091" /><testcase classname="backend.tests.test_control_compliance.TestControlComplianceStatus" name="test_update_status_compliant" time="0.053" /><testcase classname="backend.tests.test_control_compliance.TestControlComplianceStatus" name="test_update_status_partial" time="0.058" /><testcase classname="backend.tests.test_control_compliance.TestControlComplianceStatus" name="test_update_status_non_compliant" time="0.056" /><testcase classname="backend.tests.test_control_compliance.TestControlComplianceStatus" name="test_update_status_invalid" time="0.053" /><testcase classname="backend.tests.test_control_compliance.TestControlComplianceStatus" name="test_status_persists" time="0.147" /><testcase classname="backend.tests.test_control_compliance.TestControlComplianceNotes" name="test_save_notes" time="0.056" /><testcase classname="backend.tests.test_control_compliance.TestControlComplianceNotes" name="test_notes_persist" time="0.152" /><testcase classname="backend.tests.test_control_compliance.TestSIEMEvidence" name="test_get_siem_evidence_technical_control" time="0.056" /><testcase classname="backend.tests.test_control_compliance.TestSIEMEvidence" name="test_get_siem_evidence_non_technical_control" time="0.052" /><testcase classname="backend.tests.test_control_compliance.TestSIEMEvidence" name="test_siem_evidence_event_structure" time="0.056" /><testcase classname="backend.tests.test_control_compliance.TestAIAssessment" name="test_ai_bulk_assess" time="39.454" /><testcase classname="backend.tests.test_control_compliance.TestAIAssessment" name="test_ai_assess_result_structure" time="42.729" /><testcase classname="backend.tests.test_control_compliance.TestPolicySuggestion" name="test_suggest_policy" time="6.083" /><testcase classname="backend.tests.test_control_compliance.TestPolicySuggestion" name="test_suggest_policy_for_nonexistent_control" time="0.051" /><testcase classname="backend.tests.test_control_compliance.TestPolicyHubTabs" name="test_mappings_endpoint" time="0.118" /><testcase classname="backend.tests.test_control_compliance.TestPolicyHubTabs" name="test_frameworks_endpoint" time="0.049" /></testsuite></testsuites>