<?xml version="1.0" encoding="utf-8"?><testsuites name="pytest tests"><testsuite name="pytest" errors="0" failures="0" skipped="0" tests="32" time="7.766" timestamp="2026-04-22T16:28:40.769723+00:00" hostname="agent-env-7d646d0c-6e37-43e6-8933-706695924c8f"><testcase classname="backend.tests.test_tenable_integration.TestTenableAuth" name="test_settings_unauthorized" time="0.249" /><testcase classname="backend.tests.test_tenable_integration.TestTenableAuth" name="test_sync_unauthorized" time="0.127" /><testcase classname="backend.tests.test_tenable_integration.TestTenableAuth" name="test_dashboard_unauthorized" time="0.124" /><testcase classname="backend.tests.test_tenable_integration.TestTenableAuth" name="test_findings_unauthorized" time="0.121" /><testcase classname="backend.tests.test_tenable_integration.TestTenableSettings" name="test_get_settings_initial" time="0.522" /><testcase classname="backend.tests.test_tenable_integration.TestTenableSettings" name="test_save_settings" time="0.125" /><testcase classname="backend.tests.test_tenable_integration.TestTenableSettings" name="test_get_settings_masked" time="0.125" /><testcase classname="backend.tests.test_tenable_integration.TestTenableSettings" name="test_delete_settings" time="0.272" /><testcase classname="backend.tests.test_tenable_integration.TestTenableDemoSync" name="test_sync_demo_mode" time="0.464" /><testcase classname="backend.tests.test_tenable_integration.TestTenableDemoSync" name="test_sync_auto_mode_no_keys" time="0.280" /><testcase classname="backend.tests.test_tenable_integration.TestTenableDemoSync" name="test_sync_live_mode_no_keys_fails" time="0.216" /><testcase classname="backend.tests.test_tenable_integration.TestTenableDashboard" name="test_dashboard_structure" time="0.621" /><testcase classname="backend.tests.test_tenable_integration.TestTenableDashboard" name="test_dashboard_vuln_stats" time="0.122" /><testcase classname="backend.tests.test_tenable_integration.TestTenableDashboard" name="test_dashboard_compliance_stats" time="0.113" /><testcase classname="backend.tests.test_tenable_integration.TestTenableDashboard" name="test_dashboard_control_impact" time="0.123" /><testcase classname="backend.tests.test_tenable_integration.TestTenableDashboard" name="test_dashboard_assets" time="0.114" /><testcase classname="backend.tests.test_tenable_integration.TestTenableFindings" name="test_list_all_findings" time="0.585" /><testcase classname="backend.tests.test_tenable_integration.TestTenableFindings" name="test_filter_vulnerabilities" time="0.147" /><testcase classname="backend.tests.test_tenable_integration.TestTenableFindings" name="test_filter_compliance" time="0.151" /><testcase classname="backend.tests.test_tenable_integration.TestTenableFindings" name="test_filter_by_severity" time="0.109" /><testcase classname="backend.tests.test_tenable_integration.TestTenableFindings" name="test_vuln_has_cves" time="0.105" /><testcase classname="backend.tests.test_tenable_integration.TestTenableFindings" name="test_vuln_has_asset_info" time="0.150" /><testcase classname="backend.tests.test_tenable_integration.TestTenableControlEvidence" name="test_control_evidence_si2" time="0.598" /><testcase classname="backend.tests.test_tenable_integration.TestTenableControlEvidence" name="test_control_evidence_ra5" time="0.126" /><testcase classname="backend.tests.test_tenable_integration.TestTenableControlEvidence" name="test_control_evidence_ia5" time="0.121" /><testcase classname="backend.tests.test_tenable_integration.TestTenableControlEvidence" name="test_control_evidence_summary" time="0.114" /><testcase classname="backend.tests.test_tenable_integration.TestTenableControlEvidence" name="test_control_evidence_empty" time="0.121" /><testcase classname="backend.tests.test_tenable_integration.TestTenableSyncHistory" name="test_sync_history" time="0.589" /><testcase classname="backend.tests.test_tenable_integration.TestTenableSyncHistory" name="test_sync_history_unauthorized" time="0.145" /><testcase classname="backend.tests.test_tenable_integration.TestTenableNISTMappings" name="test_critical_vuln_maps_to_si2_ra5_cm6" time="0.556" /><testcase classname="backend.tests.test_tenable_integration.TestTenableNISTMappings" name="test_fixed_vuln_is_compliant" time="0.120" /><testcase classname="backend.tests.test_tenable_integration.TestTenableNISTMappings" name="test_compliance_check_keyword_mapping" time="0.126" /></testsuite></testsuites>