<?xml version="1.0" encoding="utf-8"?><testsuites name="pytest tests"><testsuite name="pytest" errors="0" failures="0" skipped="0" tests="17" time="3.984" timestamp="2026-04-12T19:48:15.251846+00:00" hostname="agent-env-c1fad5b6-5fda-4a28-9cb6-10f6f03ed31c"><testcase classname="backend.tests.test_iteration12_document_management.TestDocumentsEndpoint" name="test_get_documents_returns_list" time="0.471" /><testcase classname="backend.tests.test_iteration12_document_management.TestDocumentsEndpoint" name="test_documents_have_filename_field" time="0.115" /><testcase classname="backend.tests.test_iteration12_document_management.TestDocumentsEndpoint" name="test_documents_have_job_id_field" time="0.147" /><testcase classname="backend.tests.test_iteration12_document_management.TestDocumentsEndpoint" name="test_documents_have_category_field" time="0.165" /><testcase classname="backend.tests.test_iteration12_document_management.TestDocumentsEndpoint" name="test_documents_have_custom_tags_field" time="0.123" /><testcase classname="backend.tests.test_iteration12_document_management.TestCustomTagsEndpoint" name="test_get_custom_tags_returns_list" time="0.117" /><testcase classname="backend.tests.test_iteration12_document_management.TestCustomTagsEndpoint" name="test_custom_tags_are_strings" time="0.159" /><testcase classname="backend.tests.test_iteration12_document_management.TestDocumentMetadataEndpoint" name="test_update_category" time="0.464" /><testcase classname="backend.tests.test_iteration12_document_management.TestDocumentMetadataEndpoint" name="test_update_custom_tags" time="0.451" /><testcase classname="backend.tests.test_iteration12_document_management.TestDocumentMetadataEndpoint" name="test_update_description" time="0.475" /><testcase classname="backend.tests.test_iteration12_document_management.TestDocumentMetadataEndpoint" name="test_update_multiple_fields" time="0.480" /><testcase classname="backend.tests.test_iteration12_document_management.TestDocumentMetadataEndpoint" name="test_update_nonexistent_document_returns_404" time="0.135" /><testcase classname="backend.tests.test_iteration12_document_management.TestGeneratedPoliciesEndpoint" name="test_get_generated_policies" time="0.133" /><testcase classname="backend.tests.test_iteration12_document_management.TestGeneratedPoliciesEndpoint" name="test_generated_policies_have_required_fields" time="0.126" /><testcase classname="backend.tests.test_iteration12_document_management.TestFrameworksEndpoint" name="test_get_frameworks" time="0.111" /><testcase classname="backend.tests.test_iteration12_document_management.TestFrameworksEndpoint" name="test_frameworks_have_required_fields" time="0.104" /><testcase classname="backend.tests.test_iteration12_document_management.TestDocumentTagsEndpoint" name="test_get_document_tags" time="0.106" /></testsuite></testsuites>