<?xml version="1.0" encoding="utf-8"?><testsuites name="pytest tests"><testsuite name="pytest" errors="0" failures="0" skipped="0" tests="11" time="3.322" timestamp="2026-04-12T19:16:33.294653+00:00" hostname="agent-env-c1fad5b6-5fda-4a28-9cb6-10f6f03ed31c"><testcase classname="backend.tests.test_iteration11_new_features.TestTemplateDetailView" name="test_get_templates_returns_all_fields" time="0.481" /><testcase classname="backend.tests.test_iteration11_new_features.TestTemplateDetailView" name="test_template_frameworks_have_control_ids" time="0.108" /><testcase classname="backend.tests.test_iteration11_new_features.TestDocumentLibraryEnhancement" name="test_get_generated_policies" time="0.126" /><testcase classname="backend.tests.test_iteration11_new_features.TestDocumentLibraryEnhancement" name="test_get_uploaded_documents" time="0.099" /><testcase classname="backend.tests.test_iteration11_new_features.TestDocumentLibraryEnhancement" name="test_document_tags_endpoint" time="0.119" /><testcase classname="backend.tests.test_iteration11_new_features.TestReviewerApproverAssignment" name="test_get_org_users" time="0.112" /><testcase classname="backend.tests.test_iteration11_new_features.TestReviewerApproverAssignment" name="test_assign_reviewers_approvers" time="0.359" /><testcase classname="backend.tests.test_iteration11_new_features.TestReviewerApproverAssignment" name="test_assignees_persist_on_policy" time="0.237" /><testcase classname="backend.tests.test_iteration11_new_features.TestFrameworkLinkage" name="test_approve_policy_creates_mappings" time="0.658" /><testcase classname="backend.tests.test_iteration11_new_features.TestFrameworkLinkage" name="test_reapprove_replaces_old_mappings" time="0.769" /><testcase classname="backend.tests.test_iteration11_new_features.TestMappingsEndpoint" name="test_get_mappings" time="0.154" /></testsuite></testsuites>