<?xml version="1.0" encoding="utf-8"?><testsuites name="pytest tests"><testsuite name="pytest" errors="0" failures="0" skipped="0" tests="15" time="9.477" timestamp="2026-04-08T23:56:07.382737+00:00" hostname="agent-env-c1fad5b6-5fda-4a28-9cb6-10f6f03ed31c"><testcase classname="tests.test_siem_dashboard_redesign.TestSIEMIntegration" name="test_siem_dashboard_returns_200" time="0.569" /><testcase classname="tests.test_siem_dashboard_redesign.TestSIEMIntegration" name="test_siem_dashboard_has_category_distribution" time="0.560" /><testcase classname="tests.test_siem_dashboard_redesign.TestSIEMIntegration" name="test_siem_events_returns_array" time="0.459" /><testcase classname="tests.test_siem_dashboard_redesign.TestSIEMIntegration" name="test_siem_events_have_control_mappings" time="0.435" /><testcase classname="tests.test_siem_dashboard_redesign.TestSIEMIntegration" name="test_siem_control_mapping_returns_7_categories" time="0.509" /><testcase classname="tests.test_siem_dashboard_redesign.TestSIEMIntegration" name="test_siem_control_mapping_has_nist_controls" time="0.447" /><testcase classname="tests.test_siem_dashboard_redesign.TestSIEMIntegration" name="test_siem_export_json_format" time="0.497" /><testcase classname="tests.test_siem_dashboard_redesign.TestSIEMIntegration" name="test_siem_dashboard_critical_events_list" time="0.485" /><testcase classname="tests.test_siem_dashboard_redesign.TestSIEMIntegration" name="test_siem_events_filter_by_severity" time="0.450" /><testcase classname="tests.test_siem_dashboard_redesign.TestSIEMIntegration" name="test_siem_events_filter_by_category" time="0.486" /><testcase classname="tests.test_siem_dashboard_redesign.TestSIEMIntegration" name="test_siem_requires_auth" time="0.747" /><testcase classname="tests.test_siem_dashboard_redesign.TestDashboardAPIs" name="test_analytics_dashboard_returns_200" time="0.473" /><testcase classname="tests.test_siem_dashboard_redesign.TestDashboardAPIs" name="test_executive_summary_returns_200" time="0.516" /><testcase classname="tests.test_siem_dashboard_redesign.TestDashboardAPIs" name="test_compliance_trends_returns_200" time="0.484" /><testcase classname="tests.test_siem_dashboard_redesign.TestDashboardAPIs" name="test_control_effectiveness_dashboard_returns_200" time="2.244" /></testsuite></testsuites>