<?xml version="1.0" encoding="utf-8"?><testsuites name="pytest tests"><testsuite name="pytest" errors="0" failures="0" skipped="0" tests="24" time="7.366" timestamp="2026-04-21T18:38:16.778421+00:00" hostname="agent-env-7d646d0c-6e37-43e6-8933-706695924c8f"><testcase classname="backend.tests.test_oscal_pipeline_phase_a.TestOSCALImport" name="test_import_oscal_catalog" time="0.647" /><testcase classname="backend.tests.test_oscal_pipeline_phase_a.TestOSCALImport" name="test_import_oscal_component_definition" time="0.115" /><testcase classname="backend.tests.test_oscal_pipeline_phase_a.TestOSCALImport" name="test_import_invalid_oscal_returns_400" time="0.110" /><testcase classname="backend.tests.test_oscal_pipeline_phase_a.TestOSCALImport" name="test_oscal_import_appears_in_checklists" time="0.125" /><testcase classname="backend.tests.test_oscal_pipeline_phase_a.TestOSCALExport" name="test_export_framework_as_oscal_catalog" time="0.256" /><testcase classname="backend.tests.test_oscal_pipeline_phase_a.TestOSCALExport" name="test_export_assessment_as_oscal" time="0.248" /><testcase classname="backend.tests.test_oscal_pipeline_phase_a.TestOSCALExport" name="test_export_nonexistent_framework_returns_404" time="0.107" /><testcase classname="backend.tests.test_oscal_pipeline_phase_a.TestPipelineAPIKeys" name="test_create_api_key" time="0.126" /><testcase classname="backend.tests.test_oscal_pipeline_phase_a.TestPipelineAPIKeys" name="test_list_api_keys" time="0.127" /><testcase classname="backend.tests.test_oscal_pipeline_phase_a.TestPipelineAPIKeys" name="test_revoke_api_key" time="0.368" /><testcase classname="backend.tests.test_oscal_pipeline_phase_a.TestPipelineAPIKeys" name="test_revoke_nonexistent_key_returns_404" time="0.149" /><testcase classname="backend.tests.test_oscal_pipeline_phase_a.TestPipelineWebhook" name="test_webhook_receive_scan_results" time="0.256" /><testcase classname="backend.tests.test_oscal_pipeline_phase_a.TestPipelineWebhook" name="test_webhook_without_api_key_returns_401" time="0.115" /><testcase classname="backend.tests.test_oscal_pipeline_phase_a.TestPipelineWebhook" name="test_webhook_with_invalid_key_returns_401" time="0.195" /><testcase classname="backend.tests.test_oscal_pipeline_phase_a.TestPipelineGate" name="test_gate_evaluation_pass" time="0.394" /><testcase classname="backend.tests.test_oscal_pipeline_phase_a.TestPipelineGate" name="test_gate_evaluation_fail" time="0.357" /><testcase classname="backend.tests.test_oscal_pipeline_phase_a.TestPipelineGate" name="test_gate_nonexistent_run_returns_404" time="0.350" /><testcase classname="backend.tests.test_oscal_pipeline_phase_a.TestPipelineRuns" name="test_list_pipeline_runs" time="0.135" /><testcase classname="backend.tests.test_oscal_pipeline_phase_a.TestPipelineRuns" name="test_get_pipeline_run_detail" time="0.269" /><testcase classname="backend.tests.test_oscal_pipeline_phase_a.TestPipelineRuns" name="test_get_nonexistent_run_returns_404" time="0.115" /><testcase classname="backend.tests.test_oscal_pipeline_phase_a.TestPipelineRuns" name="test_delete_pipeline_run" time="0.484" /><testcase classname="backend.tests.test_oscal_pipeline_phase_a.TestPipelineRuns" name="test_delete_nonexistent_run_returns_404" time="0.145" /><testcase classname="backend.tests.test_oscal_pipeline_phase_a.TestPipelineStats" name="test_get_pipeline_stats" time="0.138" /><testcase classname="backend.tests.test_oscal_pipeline_phase_a.TestCleanup" name="test_cleanup_test_data" time="1.901" /></testsuite></testsuites>