<?xml version="1.0" encoding="utf-8"?><testsuites name="pytest tests"><testsuite name="pytest" errors="0" failures="0" skipped="1" tests="20" time="118.077" timestamp="2026-04-12T16:42:20.563597+00:00" hostname="agent-env-c1fad5b6-5fda-4a28-9cb6-10f6f03ed31c"><testcase classname="backend.tests.test_policy_version_control.TestAutoVersionCreation" name="test_new_policy_has_version_1" time="60.708"><skipped type="pytest.skip" message="Policy generation failed: 502 - The preview environment is not responding. It may be starting up.">/app/backend/tests/test_policy_version_control.py:81: Policy generation failed: 502 - The preview environment is not responding. It may be starting up.</skipped></testcase><testcase classname="backend.tests.test_policy_version_control.TestVersionEndpoints" name="test_list_versions_returns_200" time="52.488" /><testcase classname="backend.tests.test_policy_version_control.TestVersionEndpoints" name="test_create_version_snapshot" time="0.372" /><testcase classname="backend.tests.test_policy_version_control.TestVersionEndpoints" name="test_get_specific_version" time="0.263" /><testcase classname="backend.tests.test_policy_version_control.TestVersionEndpoints" name="test_get_nonexistent_version_returns_404" time="0.111" /><testcase classname="backend.tests.test_policy_version_control.TestVersionDiff" name="test_diff_between_two_versions" time="0.227" /><testcase classname="backend.tests.test_policy_version_control.TestVersionDiff" name="test_diff_with_invalid_version_returns_404" time="0.257" /><testcase classname="backend.tests.test_policy_version_control.TestVersionRestore" name="test_restore_previous_version" time="0.442" /><testcase classname="backend.tests.test_policy_version_control.TestVersionRestore" name="test_restore_nonexistent_version_returns_404" time="0.116" /><testcase classname="backend.tests.test_policy_version_control.TestApprovalWorkflow" name="test_initial_status_is_draft" time="0.226" /><testcase classname="backend.tests.test_policy_version_control.TestApprovalWorkflow" name="test_transition_draft_to_under_review" time="0.335" /><testcase classname="backend.tests.test_policy_version_control.TestApprovalWorkflow" name="test_transition_under_review_to_approved" time="0.455" /><testcase classname="backend.tests.test_policy_version_control.TestApprovalWorkflow" name="test_transition_under_review_to_draft" time="0.335" /><testcase classname="backend.tests.test_policy_version_control.TestApprovalWorkflow" name="test_transition_approved_to_draft" time="0.445" /><testcase classname="backend.tests.test_policy_version_control.TestApprovalWorkflow" name="test_invalid_transition_draft_to_approved" time="0.236" /><testcase classname="backend.tests.test_policy_version_control.TestApprovalWorkflow" name="test_invalid_transition_approved_to_under_review" time="0.502" /><testcase classname="backend.tests.test_policy_version_control.TestApprovalWorkflow" name="test_invalid_status_value" time="0.102" /><testcase classname="backend.tests.test_policy_version_control.TestVersionControlAuth" name="test_list_versions_requires_auth" time="0.116" /><testcase classname="backend.tests.test_policy_version_control.TestVersionControlAuth" name="test_create_version_requires_auth" time="0.097" /><testcase classname="backend.tests.test_policy_version_control.TestVersionControlAuth" name="test_status_update_requires_auth" time="0.105" /></testsuite></testsuites>