<?xml version="1.0" encoding="utf-8"?><testsuites name="pytest tests"><testsuite name="pytest" errors="0" failures="0" skipped="0" tests="23" time="10.897" timestamp="2026-04-12T23:57:00.773515+00:00" hostname="agent-env-c1fad5b6-5fda-4a28-9cb6-10f6f03ed31c"><testcase classname="backend.tests.test_iteration13_new_features.TestCreateDocument" name="test_create_document_basic" time="0.488" /><testcase classname="backend.tests.test_iteration13_new_features.TestCreateDocument" name="test_create_document_with_tags" time="0.115" /><testcase classname="backend.tests.test_iteration13_new_features.TestCreateDocument" name="test_create_document_with_framework" time="0.151" /><testcase classname="backend.tests.test_iteration13_new_features.TestCreateDocument" name="test_create_document_empty_title_uses_default" time="0.139" /><testcase classname="backend.tests.test_iteration13_new_features.TestDocumentApprovalWorkflow" name="test_get_created_document" time="0.113" /><testcase classname="backend.tests.test_iteration13_new_features.TestDocumentApprovalWorkflow" name="test_submit_for_review" time="0.114" /><testcase classname="backend.tests.test_iteration13_new_features.TestDocumentApprovalWorkflow" name="test_approve_document" time="0.148" /><testcase classname="backend.tests.test_iteration13_new_features.TestDocumentApprovalWorkflow" name="test_reopen_as_draft" time="0.114" /><testcase classname="backend.tests.test_iteration13_new_features.TestDocumentApprovalWorkflow" name="test_invalid_status_transition" time="0.251" /><testcase classname="backend.tests.test_iteration13_new_features.TestDocumentApprovalWorkflow" name="test_invalid_status_value" time="0.118" /><testcase classname="backend.tests.test_iteration13_new_features.TestDocumentContentUpdate" name="test_update_content" time="0.094" /><testcase classname="backend.tests.test_iteration13_new_features.TestDocumentContentUpdate" name="test_update_title_via_content_endpoint" time="0.104" /><testcase classname="backend.tests.test_iteration13_new_features.TestLinkDocumentToControl" name="test_link_document_to_control" time="0.110" /><testcase classname="backend.tests.test_iteration13_new_features.TestLinkDocumentToControl" name="test_link_duplicate_document_fails" time="0.135" /><testcase classname="backend.tests.test_iteration13_new_features.TestLinkDocumentToControl" name="test_link_without_document_id_fails" time="0.107" /><testcase classname="backend.tests.test_iteration13_new_features.TestAnalyzeCoverage" name="test_analyze_coverage_with_content" time="7.584" /><testcase classname="backend.tests.test_iteration13_new_features.TestAnalyzeCoverage" name="test_analyze_coverage_nonexistent_document" time="0.156" /><testcase classname="backend.tests.test_iteration13_new_features.TestUnlinkDocument" name="test_unlink_document" time="0.106" /><testcase classname="backend.tests.test_iteration13_new_features.TestUnlinkDocument" name="test_unlink_nonexistent_mapping" time="0.123" /><testcase classname="backend.tests.test_iteration13_new_features.TestPolicyCoverageSummary" name="test_compliance_overview_has_policy_count" time="0.140" /><testcase classname="backend.tests.test_iteration13_new_features.TestGetDocumentsForLinking" name="test_get_documents_list" time="0.115" /><testcase classname="backend.tests.test_iteration13_new_features.TestGetDocumentsForLinking" name="test_get_generated_policies_list" time="0.133" /><testcase classname="backend.tests.test_iteration13_new_features.TestCleanup" name="test_cleanup_test_documents" time="0.132" /></testsuite></testsuites>