<?xml version="1.0" encoding="utf-8"?><testsuites name="pytest tests"><testsuite name="pytest" errors="0" failures="0" skipped="0" tests="13" time="3.846" timestamp="2026-04-02T20:13:25.186250+00:00" hostname="agent-env-8a65169a-9d4e-4b3e-aa66-b2239dc9d07a"><testcase classname="tests.test_cci_controls.TestFrameworksControlCounts" name="test_all_12_frameworks_exist" time="0.516" /><testcase classname="tests.test_cci_controls.TestFrameworksControlCounts" name="test_frameworks_have_controls" time="1.579" /><testcase classname="tests.test_cci_controls.TestControlDetailEndpoint" name="test_ac1_has_5_ccis" time="0.222" /><testcase classname="tests.test_cci_controls.TestControlDetailEndpoint" name="test_ac2_has_10_ccis" time="0.106" /><testcase classname="tests.test_cci_controls.TestControlDetailEndpoint" name="test_cci_card_structure" time="0.121" /><testcase classname="tests.test_cci_controls.TestControlDetailEndpoint" name="test_cross_framework_mappings_present" time="0.120" /><testcase classname="tests.test_cci_controls.TestControlDetailEndpoint" name="test_policy_mappings_present" time="0.144" /><testcase classname="tests.test_cci_controls.TestCCIEndpoint" name="test_get_ccis_for_ac1" time="0.107" /><testcase classname="tests.test_cci_controls.TestCCIEndpoint" name="test_get_ccis_for_ac2" time="0.107" /><testcase classname="tests.test_cci_controls.TestNonNISTFrameworksCCIs" name="test_iso_27001_control_has_no_ccis" time="0.323" /><testcase classname="tests.test_cci_controls.TestControlNotFound" name="test_invalid_control_returns_404" time="0.101" /><testcase classname="tests.test_cci_controls.TestControlsList" name="test_nist_800_53_has_50_controls" time="0.103" /><testcase classname="tests.test_cci_controls.TestControlsList" name="test_controls_have_required_fields" time="0.105" /></testsuite></testsuites>