<?xml version="1.0" encoding="utf-8"?><testsuites name="pytest tests"><testsuite name="pytest" errors="0" failures="0" skipped="0" tests="22" time="10.819" timestamp="2026-04-02T18:01:14.481216+00:00" hostname="agent-env-8a65169a-9d4e-4b3e-aa66-b2239dc9d07a"><testcase classname="backend.tests.test_demo_features.TestDemoLogin" name="test_demo_admin_login" time="0.394" /><testcase classname="backend.tests.test_demo_features.TestDemoLogin" name="test_demo_user_login" time="0.364" /><testcase classname="backend.tests.test_demo_features.TestPreSeededData" name="test_preseeded_policies" time="0.488" /><testcase classname="backend.tests.test_demo_features.TestPreSeededData" name="test_preseeded_tasks" time="0.512" /><testcase classname="backend.tests.test_demo_features.TestPreSeededData" name="test_preseeded_risks" time="0.454" /><testcase classname="backend.tests.test_demo_features.TestPreSeededData" name="test_preseeded_vendors" time="0.511" /><testcase classname="backend.tests.test_demo_features.TestPreSeededData" name="test_preseeded_audits" time="0.456" /><testcase classname="backend.tests.test_demo_features.TestPreSeededData" name="test_preseeded_evidence" time="0.476" /><testcase classname="backend.tests.test_demo_features.TestPreSeededData" name="test_preseeded_activity" time="0.468" /><testcase classname="backend.tests.test_demo_features.TestPreSeededData" name="test_preseeded_mappings" time="0.436" /><testcase classname="backend.tests.test_demo_features.TestPreSeededData" name="test_dashboard_analytics" time="0.477" /><testcase classname="backend.tests.test_demo_features.TestPreSeededData" name="test_executive_summary" time="0.470" /><testcase classname="backend.tests.test_demo_features.TestReadOnlyDemoMode" name="test_demo_cannot_create_task" time="0.437" /><testcase classname="backend.tests.test_demo_features.TestReadOnlyDemoMode" name="test_demo_cannot_create_policy" time="0.476" /><testcase classname="backend.tests.test_demo_features.TestReadOnlyDemoMode" name="test_demo_cannot_create_evidence" time="0.467" /><testcase classname="backend.tests.test_demo_features.TestReadOnlyDemoMode" name="test_demo_cannot_update_risk" time="0.591" /><testcase classname="backend.tests.test_demo_features.TestReadOnlyDemoMode" name="test_demo_cannot_create_admin_user" time="0.503" /><testcase classname="backend.tests.test_demo_features.TestReadOnlyDemoMode" name="test_demo_cannot_update_task" time="0.628" /><testcase classname="backend.tests.test_demo_features.TestReadOnlyDemoMode" name="test_demo_cannot_delete_task" time="0.600" /><testcase classname="backend.tests.test_demo_features.TestReadOnlyDemoMode" name="test_demo_cannot_create_vendor" time="0.460" /><testcase classname="backend.tests.test_demo_features.TestReadOnlyDemoMode" name="test_demo_cannot_create_audit" time="0.466" /><testcase classname="backend.tests.test_demo_features.TestRegularUserCanModify" name="test_regular_user_can_create_task" time="0.611" /></testsuite></testsuites>