<?xml version="1.0" encoding="utf-8"?><testsuites name="pytest tests"><testsuite name="pytest" errors="0" failures="0" skipped="0" tests="11" time="2.503" timestamp="2026-04-02T18:21:35.664697+00:00" hostname="agent-env-8a65169a-9d4e-4b3e-aa66-b2239dc9d07a"><testcase classname="backend.tests.test_demo_write_access.TestDemoAdminWriteAccess" name="test_demo_admin_can_create_task" time="0.468" /><testcase classname="backend.tests.test_demo_write_access.TestDemoAdminWriteAccess" name="test_demo_admin_can_create_policy" time="0.108" /><testcase classname="backend.tests.test_demo_write_access.TestDemoAdminWriteAccess" name="test_demo_admin_can_create_risk" time="0.117" /><testcase classname="backend.tests.test_demo_write_access.TestDemoViewerRestrictions" name="test_demo_viewer_cannot_create_task" time="0.453" /><testcase classname="backend.tests.test_demo_write_access.TestDemoViewerRestrictions" name="test_demo_viewer_cannot_create_policy" time="0.124" /><testcase classname="backend.tests.test_demo_write_access.TestDemoViewerRestrictions" name="test_demo_viewer_cannot_create_risk" time="0.160" /><testcase classname="backend.tests.test_demo_write_access.TestDemoViewerRestrictions" name="test_demo_viewer_can_read_tasks" time="0.146" /><testcase classname="backend.tests.test_demo_write_access.TestDemoViewerRestrictions" name="test_demo_viewer_can_read_policies" time="0.156" /><testcase classname="backend.tests.test_demo_write_access.TestDemoDataAutoReset" name="test_demo_org_has_seeded_policies" time="0.453" /><testcase classname="backend.tests.test_demo_write_access.TestDemoDataAutoReset" name="test_demo_org_has_seeded_risks" time="0.129" /><testcase classname="backend.tests.test_demo_write_access.TestDemoDataAutoReset" name="test_demo_org_has_seeded_tasks" time="0.121" /></testsuite></testsuites>