<?xml version="1.0" encoding="utf-8"?><testsuites name="pytest tests"><testsuite name="pytest" errors="0" failures="0" skipped="0" tests="14" time="6.096" timestamp="2026-04-02T18:10:03.817066+00:00" hostname="agent-env-8a65169a-9d4e-4b3e-aa66-b2239dc9d07a"><testcase classname="backend.tests.test_evidence_file_upload.TestEvidenceFileUpload" name="test_01_create_evidence_with_file" time="0.573" /><testcase classname="backend.tests.test_evidence_file_upload.TestEvidenceFileUpload" name="test_02_create_evidence_without_file" time="0.114" /><testcase classname="backend.tests.test_evidence_file_upload.TestEvidenceFileUpload" name="test_03_get_evidence_list" time="0.113" /><testcase classname="backend.tests.test_evidence_file_upload.TestEvidenceFileUpload" name="test_04_download_evidence_file" time="0.260" /><testcase classname="backend.tests.test_evidence_file_upload.TestEvidenceFileUpload" name="test_05_download_nonexistent_evidence" time="0.117" /><testcase classname="backend.tests.test_evidence_file_upload.TestEvidenceFileUpload" name="test_06_download_evidence_without_file" time="0.235" /><testcase classname="backend.tests.test_evidence_file_upload.TestEvidenceFileUpload" name="test_07_demo_account_blocked_from_upload" time="0.455" /><testcase classname="backend.tests.test_evidence_file_upload.TestEvidenceFileUpload" name="test_08_delete_evidence_removes_file" time="0.353" /><testcase classname="backend.tests.test_evidence_file_upload.TestEvidenceFileUpload" name="test_09_demo_account_blocked_from_delete" time="0.119" /><testcase classname="backend.tests.test_evidence_file_upload.TestEvidenceFileUpload" name="test_10_cleanup_test_evidence" time="0.337" /><testcase classname="backend.tests.test_evidence_file_upload.TestFileSizeLimit" name="test_file_over_50mb_rejected" time="2.714" /><testcase classname="backend.tests.test_evidence_file_upload.TestEvidenceWithDifferentFileTypes" name="test_upload_pdf_file" time="0.148" /><testcase classname="backend.tests.test_evidence_file_upload.TestEvidenceWithDifferentFileTypes" name="test_upload_image_file" time="0.113" /><testcase classname="backend.tests.test_evidence_file_upload.TestEvidenceWithDifferentFileTypes" name="test_cleanup_file_type_tests" time="0.245" /></testsuite></testsuites>