<?xml version="1.0" encoding="utf-8"?><testsuites name="pytest tests"><testsuite name="pytest" errors="0" failures="0" skipped="0" tests="16" time="3.818" timestamp="2026-04-03T14:52:37.423647+00:00" hostname="agent-env-d56e0602-7431-4226-b309-07ab370d8fd6"><testcase classname="tests.test_iteration13_policy_builder.TestPolicyBuilderControlFamilies" name="test_get_control_families_returns_20_families" time="0.648" /><testcase classname="tests.test_iteration13_policy_builder.TestPolicyBuilderQuestions" name="test_get_ac_questions_returns_61" time="0.120" /><testcase classname="tests.test_iteration13_policy_builder.TestPolicyBuilderQuestions" name="test_get_at_questions_returns_37" time="0.117" /><testcase classname="tests.test_iteration13_policy_builder.TestPolicyBuilderQuestions" name="test_get_questions_invalid_family_returns_404" time="0.111" /><testcase classname="tests.test_iteration13_policy_builder.TestPolicyBuilderDrafts" name="test_get_drafts_returns_array" time="0.143" /><testcase classname="tests.test_iteration13_policy_builder.TestPolicyBuilderDrafts" name="test_create_draft_admin_succeeds" time="0.124" /><testcase classname="tests.test_iteration13_policy_builder.TestPolicyBuilderDrafts" name="test_create_draft_viewer_blocked" time="0.434" /><testcase classname="tests.test_iteration13_policy_builder.TestVendorEditDelete" name="test_get_vendors_returns_list" time="0.102" /><testcase classname="tests.test_iteration13_policy_builder.TestVendorEditDelete" name="test_create_vendor_for_edit_delete_test" time="0.131" /><testcase classname="tests.test_iteration13_policy_builder.TestVendorEditDelete" name="test_update_vendor_admin_succeeds" time="0.334" /><testcase classname="tests.test_iteration13_policy_builder.TestVendorEditDelete" name="test_delete_vendor_admin_succeeds" time="0.374" /><testcase classname="tests.test_iteration13_policy_builder.TestVendorEditDelete" name="test_update_vendor_viewer_blocked" time="0.257" /><testcase classname="tests.test_iteration13_policy_builder.TestVendorEditDelete" name="test_delete_vendor_viewer_blocked" time="0.259" /><testcase classname="tests.test_iteration13_policy_builder.TestCrossFrameworkMappings" name="test_get_cross_framework_matrix" time="0.114" /><testcase classname="tests.test_iteration13_policy_builder.TestCleanup" name="test_cleanup_test_drafts" time="0.222" /><testcase classname="tests.test_iteration13_policy_builder.TestCleanup" name="test_cleanup_test_vendors" time="0.219" /></testsuite></testsuites>