<?xml version="1.0" encoding="utf-8"?><testsuites name="pytest tests"><testsuite name="pytest" errors="0" failures="0" skipped="0" tests="26" time="6.487" timestamp="2026-04-03T16:34:00.060536+00:00" hostname="agent-env-d56e0602-7431-4226-b309-07ab370d8fd6"><testcase classname="backend.tests.test_training_feature.TestTrainingModulesList" name="test_get_training_modules_returns_12_modules" time="0.715" /><testcase classname="backend.tests.test_training_feature.TestTrainingModulesList" name="test_modules_have_required_fields" time="0.133" /><testcase classname="backend.tests.test_training_feature.TestTrainingModulesList" name="test_modules_have_correct_categories" time="0.203" /><testcase classname="backend.tests.test_training_feature.TestTrainingModulesList" name="test_modules_have_valid_difficulty" time="0.193" /><testcase classname="backend.tests.test_training_feature.TestTrainingModulesList" name="test_modules_have_positive_total_lessons" time="0.148" /><testcase classname="backend.tests.test_training_feature.TestTrainingModulesList" name="test_viewer_can_access_training_modules" time="0.505" /><testcase classname="backend.tests.test_training_feature.TestTrainingModuleDetail" name="test_get_module_detail_returns_lessons" time="0.156" /><testcase classname="backend.tests.test_training_feature.TestTrainingModuleDetail" name="test_lessons_have_required_fields" time="0.174" /><testcase classname="backend.tests.test_training_feature.TestTrainingModuleDetail" name="test_module_detail_includes_progress_fields" time="0.142" /><testcase classname="backend.tests.test_training_feature.TestTrainingModuleDetail" name="test_nonexistent_module_returns_404" time="0.107" /><testcase classname="backend.tests.test_training_feature.TestTrainingModuleDetail" name="test_all_12_modules_accessible" time="1.465" /><testcase classname="backend.tests.test_training_feature.TestLessonCompletion" name="test_mark_lesson_complete" time="0.150" /><testcase classname="backend.tests.test_training_feature.TestLessonCompletion" name="test_lesson_completion_persists" time="0.221" /><testcase classname="backend.tests.test_training_feature.TestLessonCompletion" name="test_viewer_can_complete_lessons" time="0.115" /><testcase classname="backend.tests.test_training_feature.TestQuizRetrieval" name="test_get_quiz_returns_questions" time="0.129" /><testcase classname="backend.tests.test_training_feature.TestQuizRetrieval" name="test_quiz_does_not_expose_correct_answers" time="0.130" /><testcase classname="backend.tests.test_training_feature.TestQuizRetrieval" name="test_quiz_questions_have_options" time="0.131" /><testcase classname="backend.tests.test_training_feature.TestQuizRetrieval" name="test_quiz_has_passing_score" time="0.106" /><testcase classname="backend.tests.test_training_feature.TestQuizRetrieval" name="test_nonexistent_quiz_returns_404" time="0.109" /><testcase classname="backend.tests.test_training_feature.TestQuizSubmission" name="test_submit_quiz_returns_score" time="0.291" /><testcase classname="backend.tests.test_training_feature.TestQuizSubmission" name="test_submit_quiz_with_correct_answers_passes" time="0.125" /><testcase classname="backend.tests.test_training_feature.TestQuizSubmission" name="test_submit_quiz_returns_detailed_results" time="0.250" /><testcase classname="backend.tests.test_training_feature.TestQuizSubmission" name="test_viewer_can_submit_quiz" time="0.279" /><testcase classname="backend.tests.test_training_feature.TestModuleIdPatterns" name="test_grc_module_ids" time="0.120" /><testcase classname="backend.tests.test_training_feature.TestModuleIdPatterns" name="test_platform_module_ids" time="0.135" /><testcase classname="backend.tests.test_training_feature.TestModuleIdPatterns" name="test_lesson_ids_follow_pattern" time="0.143" /></testsuite></testsuites>