<?xml version="1.0" encoding="utf-8"?><testsuites name="pytest tests"><testsuite name="pytest" errors="0" failures="0" skipped="0" tests="22" time="4.231" timestamp="2026-04-03T16:00:26.685528+00:00" hostname="agent-env-d56e0602-7431-4226-b309-07ab370d8fd6"><testcase classname="backend.tests.test_iteration14_features.TestComplianceTrends" name="test_get_compliance_trends_returns_array" time="0.486" /><testcase classname="backend.tests.test_iteration14_features.TestComplianceTrends" name="test_compliance_trends_has_8_data_points" time="0.128" /><testcase classname="backend.tests.test_iteration14_features.TestComplianceTrends" name="test_compliance_snapshot_structure" time="0.119" /><testcase classname="backend.tests.test_iteration14_features.TestComplianceTrends" name="test_create_compliance_snapshot" time="0.137" /><testcase classname="backend.tests.test_iteration14_features.TestComplianceTrends" name="test_viewer_can_read_compliance_trends" time="0.462" /><testcase classname="backend.tests.test_iteration14_features.TestDocumentsAPI" name="test_get_documents_returns_array" time="0.120" /><testcase classname="backend.tests.test_iteration14_features.TestDocumentsAPI" name="test_upload_document_demo_guard" time="0.409" /><testcase classname="backend.tests.test_iteration14_features.TestDocumentsAPI" name="test_analyze_document_not_found" time="0.122" /><testcase classname="backend.tests.test_iteration14_features.TestDocumentsAPI" name="test_download_url_not_found" time="0.115" /><testcase classname="backend.tests.test_iteration14_features.TestDocumentsAPI" name="test_viewer_can_list_documents" time="0.109" /><testcase classname="backend.tests.test_iteration14_features.TestEmailNotifications" name="test_email_status_returns_config" time="0.253" /><testcase classname="backend.tests.test_iteration14_features.TestEmailNotifications" name="test_email_status_configured_true" time="0.234" /><testcase classname="backend.tests.test_iteration14_features.TestEmailNotifications" name="test_send_test_email_demo_guard" time="0.237" /><testcase classname="backend.tests.test_iteration14_features.TestEmailNotifications" name="test_viewer_can_check_email_status" time="0.232" /><testcase classname="backend.tests.test_iteration14_features.TestExistingFeatures" name="test_dashboard_analytics" time="0.137" /><testcase classname="backend.tests.test_iteration14_features.TestExistingFeatures" name="test_executive_summary" time="0.135" /><testcase classname="backend.tests.test_iteration14_features.TestExistingFeatures" name="test_policy_builder_families" time="0.108" /><testcase classname="backend.tests.test_iteration14_features.TestExistingFeatures" name="test_vendors_list" time="0.110" /><testcase classname="backend.tests.test_iteration14_features.TestExistingFeatures" name="test_risks_list" time="0.099" /><testcase classname="backend.tests.test_iteration14_features.TestExistingFeatures" name="test_tasks_list" time="0.128" /><testcase classname="backend.tests.test_iteration14_features.TestExistingFeatures" name="test_notifications_list" time="0.149" /><testcase classname="backend.tests.test_iteration14_features.TestExistingFeatures" name="test_activity_list" time="0.117" /></testsuite></testsuites>