<?xml version="1.0" encoding="utf-8"?><testsuites name="pytest tests"><testsuite name="pytest" errors="0" failures="0" skipped="0" tests="21" time="7.848" timestamp="2026-04-02T19:19:25.073885+00:00" hostname="agent-env-8a65169a-9d4e-4b3e-aa66-b2239dc9d07a"><testcase classname="tests.test_iteration7_refactored.TestAuthEndpoints" name="test_login_demo_admin" time="0.429" /><testcase classname="tests.test_iteration7_refactored.TestAuthEndpoints" name="test_login_demo_viewer" time="0.335" /><testcase classname="tests.test_iteration7_refactored.TestAuthEndpoints" name="test_login_invalid_credentials" time="0.122" /><testcase classname="tests.test_iteration7_refactored.TestDashboardEndpoints" name="test_compliance_scores_all" time="0.487" /><testcase classname="tests.test_iteration7_refactored.TestDashboardEndpoints" name="test_executive_summary" time="0.131" /><testcase classname="tests.test_iteration7_refactored.TestFrameworksEndpoints" name="test_get_frameworks" time="0.451" /><testcase classname="tests.test_iteration7_refactored.TestPoliciesEndpoints" name="test_get_policies" time="0.439" /><testcase classname="tests.test_iteration7_refactored.TestRisksEndpoints" name="test_get_risks" time="0.440" /><testcase classname="tests.test_iteration7_refactored.TestVendorsEndpoints" name="test_get_vendors" time="0.469" /><testcase classname="tests.test_iteration7_refactored.TestTasksEndpoints" name="test_get_tasks" time="0.465" /><testcase classname="tests.test_iteration7_refactored.TestActivityEndpoints" name="test_get_activity" time="0.433" /><testcase classname="tests.test_iteration7_refactored.TestEvidenceEndpoints" name="test_get_evidence" time="0.483" /><testcase classname="tests.test_iteration7_refactored.TestMappingsEndpoints" name="test_get_mappings" time="0.474" /><testcase classname="tests.test_iteration7_refactored.TestCrossFrameworkEndpoints" name="test_get_cross_framework_matrix" time="0.428" /><testcase classname="tests.test_iteration7_refactored.TestCrossFrameworkEndpoints" name="test_get_cross_framework_mappings" time="0.184" /><testcase classname="tests.test_iteration7_refactored.TestDemoViewerRestrictions" name="test_viewer_cannot_create_policy" time="0.440" /><testcase classname="tests.test_iteration7_refactored.TestDemoViewerRestrictions" name="test_viewer_cannot_create_risk" time="0.117" /><testcase classname="tests.test_iteration7_refactored.TestDemoViewerRestrictions" name="test_viewer_cannot_create_vendor" time="0.105" /><testcase classname="tests.test_iteration7_refactored.TestDemoViewerRestrictions" name="test_viewer_cannot_create_mapping" time="0.098" /><testcase classname="tests.test_iteration7_refactored.TestDemoViewerRestrictions" name="test_viewer_can_read_data" time="0.792" /><testcase classname="tests.test_iteration7_refactored.TestAnalyticsEndpoints" name="test_get_analytics_dashboard" time="0.433" /></testsuite></testsuites>