<?xml version="1.0" encoding="utf-8"?><testsuites name="pytest tests"><testsuite name="pytest" errors="0" failures="0" skipped="0" tests="16" time="9.163" timestamp="2026-04-03T14:31:09.170903+00:00" hostname="agent-env-d56e0602-7431-4226-b309-07ab370d8fd6"><testcase classname="tests.test_iteration12_ironvision.TestAuthentication" name="test_demo_admin_login" time="0.415" /><testcase classname="tests.test_iteration12_ironvision.TestAuthentication" name="test_demo_user_login" time="0.362" /><testcase classname="tests.test_iteration12_ironvision.TestIronVisionAtlas" name="test_ironvision_dashboard_stats" time="1.071" /><testcase classname="tests.test_iteration12_ironvision.TestExistingGRCAPIs" name="test_frameworks_api" time="0.430" /><testcase classname="tests.test_iteration12_ironvision.TestExistingGRCAPIs" name="test_risks_api" time="0.492" /><testcase classname="tests.test_iteration12_ironvision.TestExistingGRCAPIs" name="test_tasks_api" time="0.447" /><testcase classname="tests.test_iteration12_ironvision.TestExistingGRCAPIs" name="test_vendors_api" time="0.503" /><testcase classname="tests.test_iteration12_ironvision.TestExistingGRCAPIs" name="test_audits_api" time="0.426" /><testcase classname="tests.test_iteration12_ironvision.TestExistingGRCAPIs" name="test_policies_api" time="0.447" /><testcase classname="tests.test_iteration12_ironvision.TestExistingGRCAPIs" name="test_evidence_api" time="0.440" /><testcase classname="tests.test_iteration12_ironvision.TestExistingGRCAPIs" name="test_activity_api" time="0.455" /><testcase classname="tests.test_iteration12_ironvision.TestExistingGRCAPIs" name="test_notifications_api" time="0.469" /><testcase classname="tests.test_iteration12_ironvision.TestDashboardAnalytics" name="test_analytics_dashboard" time="0.444" /><testcase classname="tests.test_iteration12_ironvision.TestDashboardAnalytics" name="test_executive_summary" time="0.474" /><testcase classname="tests.test_iteration12_ironvision.TestDashboardAnalytics" name="test_pdf_export" time="1.568" /><testcase classname="tests.test_iteration12_ironvision.TestNotificationSystem" name="test_unread_count" time="0.457" /></testsuite></testsuites>