<?xml version="1.0" encoding="utf-8"?><testsuites name="pytest tests"><testsuite name="pytest" errors="0" failures="0" skipped="0" tests="22" time="2.757" timestamp="2026-04-02T23:09:52.195454+00:00" hostname="agent-env-d56e0602-7431-4226-b309-07ab370d8fd6"><testcase classname="backend.tests.test_iteration11_notifications.TestNotificationSystem" name="test_get_notifications_list" time="0.437" /><testcase classname="backend.tests.test_iteration11_notifications.TestNotificationSystem" name="test_get_unread_count" time="0.057" /><testcase classname="backend.tests.test_iteration11_notifications.TestNotificationSystem" name="test_mark_notification_read" time="0.174" /><testcase classname="backend.tests.test_iteration11_notifications.TestNotificationSystem" name="test_mark_all_read" time="0.111" /><testcase classname="backend.tests.test_iteration11_notifications.TestDashboardFeatures" name="test_dashboard_analytics" time="0.061" /><testcase classname="backend.tests.test_iteration11_notifications.TestDashboardFeatures" name="test_executive_summary" time="0.072" /><testcase classname="backend.tests.test_iteration11_notifications.TestDashboardFeatures" name="test_pdf_export" time="0.332" /><testcase classname="backend.tests.test_iteration11_notifications.TestRiskToTaskWorkflow" name="test_get_risks_with_open_status" time="0.054" /><testcase classname="backend.tests.test_iteration11_notifications.TestRiskToTaskWorkflow" name="test_create_task_from_risk" time="0.176" /><testcase classname="backend.tests.test_iteration11_notifications.TestActivityTimeline" name="test_get_activity_log" time="0.057" /><testcase classname="backend.tests.test_iteration11_notifications.TestActivityTimeline" name="test_activity_has_various_action_types" time="0.054" /><testcase classname="backend.tests.test_iteration11_notifications.TestRBACViewer" name="test_viewer_cannot_create_task" time="0.390" /><testcase classname="backend.tests.test_iteration11_notifications.TestRBACViewer" name="test_viewer_cannot_create_risk" time="0.054" /><testcase classname="backend.tests.test_iteration11_notifications.TestRBACViewer" name="test_viewer_can_read_notifications" time="0.048" /><testcase classname="backend.tests.test_iteration11_notifications.TestRegressionEndpoints" name="test_policies_endpoint" time="0.056" /><testcase classname="backend.tests.test_iteration11_notifications.TestRegressionEndpoints" name="test_frameworks_endpoint" time="0.052" /><testcase classname="backend.tests.test_iteration11_notifications.TestRegressionEndpoints" name="test_tasks_endpoint" time="0.061" /><testcase classname="backend.tests.test_iteration11_notifications.TestRegressionEndpoints" name="test_vendors_endpoint" time="0.055" /><testcase classname="backend.tests.test_iteration11_notifications.TestRegressionEndpoints" name="test_audits_endpoint" time="0.057" /><testcase classname="backend.tests.test_iteration11_notifications.TestRegressionEndpoints" name="test_evidence_endpoint" time="0.058" /><testcase classname="backend.tests.test_iteration11_notifications.TestRegressionEndpoints" name="test_mappings_endpoint" time="0.122" /><testcase classname="backend.tests.test_iteration11_notifications.TestCleanup" name="test_cleanup_test_tasks" time="0.113" /></testsuite></testsuites>