<?xml version="1.0" encoding="utf-8"?><testsuites name="pytest tests"><testsuite name="pytest" errors="0" failures="0" skipped="0" tests="16" time="13.458" timestamp="2026-04-02T18:50:31.687760+00:00" hostname="agent-env-8a65169a-9d4e-4b3e-aa66-b2239dc9d07a"><testcase classname="backend.tests.test_mappings.TestMappingsEndpoints" name="test_get_mappings_returns_list" time="0.598" /><testcase classname="backend.tests.test_mappings.TestMappingsEndpoints" name="test_mappings_stats_match_expected" time="0.147" /><testcase classname="backend.tests.test_mappings.TestMappingsEndpoints" name="test_viewer_can_read_mappings" time="0.716" /><testcase classname="backend.tests.test_mappings.TestManualMappingCreation" name="test_create_manual_mapping" time="0.506" /><testcase classname="backend.tests.test_mappings.TestManualMappingCreation" name="test_viewer_cannot_create_mapping" time="0.109" /><testcase classname="backend.tests.test_mappings.TestMappingStatusUpdate" name="test_approve_mapping" time="0.465" /><testcase classname="backend.tests.test_mappings.TestMappingStatusUpdate" name="test_reject_mapping" time="0.806" /><testcase classname="backend.tests.test_mappings.TestMappingStatusUpdate" name="test_invalid_status_returns_400" time="0.315" /><testcase classname="backend.tests.test_mappings.TestMappingStatusUpdate" name="test_viewer_cannot_update_status" time="0.274" /><testcase classname="backend.tests.test_mappings.TestBulkCreateMappings" name="test_bulk_create_creates_pending_mappings" time="0.462" /><testcase classname="backend.tests.test_mappings.TestDeleteMapping" name="test_delete_mapping" time="0.719" /><testcase classname="backend.tests.test_mappings.TestDeleteMapping" name="test_delete_nonexistent_returns_404" time="0.141" /><testcase classname="backend.tests.test_mappings.TestDeleteMapping" name="test_viewer_cannot_delete" time="0.288" /><testcase classname="backend.tests.test_mappings.TestAIAnalyzeEndpoint" name="test_analyze_endpoint_exists" time="7.524" /><testcase classname="backend.tests.test_mappings.TestAIAnalyzeEndpoint" name="test_analyze_requires_policy_id" time="0.142" /><testcase classname="backend.tests.test_mappings.TestAIAnalyzeEndpoint" name="test_analyze_nonexistent_policy_returns_404" time="0.113" /></testsuite></testsuites>