<?xml version="1.0" encoding="utf-8"?><testsuites name="pytest tests"><testsuite name="pytest" errors="0" failures="0" skipped="0" tests="42" time="5.835" timestamp="2026-04-02T20:43:23.141997+00:00" hostname="agent-env-8a65169a-9d4e-4b3e-aa66-b2239dc9d07a"><testcase classname="tests.test_nist_800_53_expansion.TestNIST80053ControlCount" name="test_total_control_count_is_190" time="0.609" /><testcase classname="tests.test_nist_800_53_expansion.TestNIST80053ControlCount" name="test_all_20_families_present" time="0.132" /><testcase classname="tests.test_nist_800_53_expansion.TestNIST80053ControlCount" name="test_family_control_counts" time="0.121" /><testcase classname="tests.test_nist_800_53_expansion.TestNewFamiliesPresent" name="test_new_family_exists[MA]" time="0.114" /><testcase classname="tests.test_nist_800_53_expansion.TestNewFamiliesPresent" name="test_new_family_exists[MP]" time="0.122" /><testcase classname="tests.test_nist_800_53_expansion.TestNewFamiliesPresent" name="test_new_family_exists[PL]" time="0.111" /><testcase classname="tests.test_nist_800_53_expansion.TestNewFamiliesPresent" name="test_new_family_exists[PM]" time="0.108" /><testcase classname="tests.test_nist_800_53_expansion.TestNewFamiliesPresent" name="test_new_family_exists[PS]" time="0.129" /><testcase classname="tests.test_nist_800_53_expansion.TestNewFamiliesPresent" name="test_new_family_exists[PT]" time="0.121" /><testcase classname="tests.test_nist_800_53_expansion.TestNewFamiliesPresent" name="test_new_family_exists[SI]" time="0.118" /><testcase classname="tests.test_nist_800_53_expansion.TestNewFamiliesPresent" name="test_new_family_exists[SR]" time="0.141" /><testcase classname="tests.test_nist_800_53_expansion.TestNewFamiliesPresent" name="test_new_family_controls_have_required_fields[MA]" time="0.119" /><testcase classname="tests.test_nist_800_53_expansion.TestNewFamiliesPresent" name="test_new_family_controls_have_required_fields[MP]" time="0.116" /><testcase classname="tests.test_nist_800_53_expansion.TestNewFamiliesPresent" name="test_new_family_controls_have_required_fields[PL]" time="0.112" /><testcase classname="tests.test_nist_800_53_expansion.TestNewFamiliesPresent" name="test_new_family_controls_have_required_fields[PM]" time="0.115" /><testcase classname="tests.test_nist_800_53_expansion.TestNewFamiliesPresent" name="test_new_family_controls_have_required_fields[PS]" time="0.109" /><testcase classname="tests.test_nist_800_53_expansion.TestNewFamiliesPresent" name="test_new_family_controls_have_required_fields[PT]" time="0.125" /><testcase classname="tests.test_nist_800_53_expansion.TestNewFamiliesPresent" name="test_new_family_controls_have_required_fields[SI]" time="0.122" /><testcase classname="tests.test_nist_800_53_expansion.TestNewFamiliesPresent" name="test_new_family_controls_have_required_fields[SR]" time="0.112" /><testcase classname="tests.test_nist_800_53_expansion.TestNewFamilyCCIs" name="test_new_family_control_has_ccis[MA-1-2]" time="0.139" /><testcase classname="tests.test_nist_800_53_expansion.TestNewFamilyCCIs" name="test_new_family_control_has_ccis[MP-1-2]" time="0.102" /><testcase classname="tests.test_nist_800_53_expansion.TestNewFamilyCCIs" name="test_new_family_control_has_ccis[PL-1-2]" time="0.131" /><testcase classname="tests.test_nist_800_53_expansion.TestNewFamilyCCIs" name="test_new_family_control_has_ccis[PM-1-2]" time="0.109" /><testcase classname="tests.test_nist_800_53_expansion.TestNewFamilyCCIs" name="test_new_family_control_has_ccis[PS-1-2]" time="0.128" /><testcase classname="tests.test_nist_800_53_expansion.TestNewFamilyCCIs" name="test_new_family_control_has_ccis[PT-1-2]" time="0.109" /><testcase classname="tests.test_nist_800_53_expansion.TestNewFamilyCCIs" name="test_new_family_control_has_ccis[SI-1-2]" time="0.122" /><testcase classname="tests.test_nist_800_53_expansion.TestNewFamilyCCIs" name="test_new_family_control_has_ccis[SI-2-3]" time="0.109" /><testcase classname="tests.test_nist_800_53_expansion.TestNewFamilyCCIs" name="test_new_family_control_has_ccis[SR-1-2]" time="0.121" /><testcase classname="tests.test_nist_800_53_expansion.TestNewFamilyCCIs" name="test_si_2_has_ccis_with_correct_structure" time="0.118" /><testcase classname="tests.test_nist_800_53_expansion.TestControlDetailForNewFamilies" name="test_control_detail_returns_valid_response[MA-1]" time="0.104" /><testcase classname="tests.test_nist_800_53_expansion.TestControlDetailForNewFamilies" name="test_control_detail_returns_valid_response[MP-1]" time="0.123" /><testcase classname="tests.test_nist_800_53_expansion.TestControlDetailForNewFamilies" name="test_control_detail_returns_valid_response[PL-2]" time="0.120" /><testcase classname="tests.test_nist_800_53_expansion.TestControlDetailForNewFamilies" name="test_control_detail_returns_valid_response[PM-9]" time="0.153" /><testcase classname="tests.test_nist_800_53_expansion.TestControlDetailForNewFamilies" name="test_control_detail_returns_valid_response[PS-4]" time="0.106" /><testcase classname="tests.test_nist_800_53_expansion.TestControlDetailForNewFamilies" name="test_control_detail_returns_valid_response[PT-3]" time="0.111" /><testcase classname="tests.test_nist_800_53_expansion.TestControlDetailForNewFamilies" name="test_control_detail_returns_valid_response[SI-4]" time="0.117" /><testcase classname="tests.test_nist_800_53_expansion.TestControlDetailForNewFamilies" name="test_control_detail_returns_valid_response[SR-2]" time="0.125" /><testcase classname="tests.test_nist_800_53_expansion.TestExistingFeaturesStillWork" name="test_login_works" time="0.324" /><testcase classname="tests.test_nist_800_53_expansion.TestExistingFeaturesStillWork" name="test_frameworks_endpoint_returns_all_frameworks" time="0.135" /><testcase classname="tests.test_nist_800_53_expansion.TestExistingFeaturesStillWork" name="test_dashboard_analytics_works" time="0.111" /><testcase classname="tests.test_nist_800_53_expansion.TestExistingFeaturesStillWork" name="test_mappings_endpoint_works" time="0.143" /><testcase classname="tests.test_nist_800_53_expansion.TestExistingFeaturesStillWork" name="test_existing_ac_controls_still_have_ccis" time="0.115" /></testsuite></testsuites>