<?xml version="1.0" encoding="utf-8"?><testsuites name="pytest tests"><testsuite name="pytest" errors="0" failures="0" skipped="0" tests="21" time="5.995" timestamp="2026-04-02T23:01:21.909504+00:00" hostname="agent-env-d56e0602-7431-4226-b309-07ab370d8fd6"><testcase classname="tests.test_p0_mvp_features.TestAuth" name="test_login_success" time="0.501" /><testcase classname="tests.test_p0_mvp_features.TestDashboardAnalytics" name="test_dashboard_returns_risk_heatmap" time="0.450" /><testcase classname="tests.test_p0_mvp_features.TestDashboardAnalytics" name="test_dashboard_returns_recent_activity" time="0.139" /><testcase classname="tests.test_p0_mvp_features.TestDashboardAnalytics" name="test_dashboard_returns_upcoming_deadlines" time="0.114" /><testcase classname="tests.test_p0_mvp_features.TestDashboardAnalytics" name="test_dashboard_returns_overdue_tasks" time="0.119" /><testcase classname="tests.test_p0_mvp_features.TestDashboardAnalytics" name="test_dashboard_returns_risk_distribution" time="0.119" /><testcase classname="tests.test_p0_mvp_features.TestDashboardAnalytics" name="test_dashboard_returns_counts" time="0.111" /><testcase classname="tests.test_p0_mvp_features.TestExecutiveSummary" name="test_executive_summary_returns_compliance_score" time="0.492" /><testcase classname="tests.test_p0_mvp_features.TestExecutiveSummary" name="test_executive_summary_returns_framework_scores" time="0.133" /><testcase classname="tests.test_p0_mvp_features.TestExecutiveSummary" name="test_executive_summary_returns_risk_summary" time="0.131" /><testcase classname="tests.test_p0_mvp_features.TestExecutiveSummary" name="test_executive_summary_returns_task_summary" time="0.156" /><testcase classname="tests.test_p0_mvp_features.TestExecutiveSummary" name="test_executive_summary_returns_vendor_summary" time="0.143" /><testcase classname="tests.test_p0_mvp_features.TestPDFReport" name="test_pdf_endpoint_returns_pdf" time="0.817" /><testcase classname="tests.test_p0_mvp_features.TestPDFReport" name="test_pdf_has_content_disposition" time="0.157" /><testcase classname="tests.test_p0_mvp_features.TestCreateTaskFromRisk" name="test_get_risks_returns_open_risks" time="0.496" /><testcase classname="tests.test_p0_mvp_features.TestCreateTaskFromRisk" name="test_create_task_from_risk_workflow" time="0.472" /><testcase classname="tests.test_p0_mvp_features.TestActivityAuditTrail" name="test_activity_endpoint_returns_activities" time="0.441" /><testcase classname="tests.test_p0_mvp_features.TestActivityAuditTrail" name="test_activity_has_required_fields" time="0.120" /><testcase classname="tests.test_p0_mvp_features.TestActivityAuditTrail" name="test_activity_action_types" time="0.121" /><testcase classname="tests.test_p0_mvp_features.TestTasksAPI" name="test_get_tasks" time="0.428" /><testcase classname="tests.test_p0_mvp_features.TestTasksAPI" name="test_task_stats" time="0.130" /></testsuite></testsuites>