<?xml version="1.0" encoding="utf-8"?><testsuites name="pytest tests"><testsuite name="pytest" errors="0" failures="0" skipped="0" tests="19" time="4.423" timestamp="2026-04-02T17:40:37.678016+00:00" hostname="agent-env-8a65169a-9d4e-4b3e-aa66-b2239dc9d07a"><testcase classname="backend.tests.test_grc_api.TestAuthentication" name="test_demo_admin_login" time="0.434" /><testcase classname="backend.tests.test_grc_api.TestAuthentication" name="test_demo_user_login" time="0.340" /><testcase classname="backend.tests.test_grc_api.TestAuthentication" name="test_invalid_credentials" time="0.110" /><testcase classname="backend.tests.test_grc_api.TestAuthentication" name="test_auth_me_endpoint" time="0.447" /><testcase classname="backend.tests.test_grc_api.TestTasks" name="test_get_tasks" time="0.117" /><testcase classname="backend.tests.test_grc_api.TestTasks" name="test_get_task_stats" time="0.120" /><testcase classname="backend.tests.test_grc_api.TestTasks" name="test_create_task" time="0.247" /><testcase classname="backend.tests.test_grc_api.TestTasks" name="test_update_task" time="0.230" /><testcase classname="backend.tests.test_grc_api.TestTasks" name="test_delete_task" time="0.224" /><testcase classname="backend.tests.test_grc_api.TestEvidence" name="test_get_evidence" time="0.121" /><testcase classname="backend.tests.test_grc_api.TestEvidence" name="test_create_evidence" time="0.245" /><testcase classname="backend.tests.test_grc_api.TestEvidence" name="test_delete_evidence" time="0.265" /><testcase classname="backend.tests.test_grc_api.TestActivity" name="test_get_activity_log" time="0.258" /><testcase classname="backend.tests.test_grc_api.TestExecutiveSummary" name="test_get_executive_summary" time="0.120" /><testcase classname="backend.tests.test_grc_api.TestExecutiveSummary" name="test_get_dashboard_analytics" time="0.130" /><testcase classname="backend.tests.test_grc_api.TestFrameworks" name="test_get_frameworks" time="0.108" /><testcase classname="backend.tests.test_grc_api.TestComplianceScores" name="test_get_all_compliance_scores" time="0.145" /><testcase classname="backend.tests.test_grc_api.TestCleanup" name="test_cleanup_test_tasks" time="0.333" /><testcase classname="backend.tests.test_grc_api.TestCleanup" name="test_cleanup_test_evidence" time="0.239" /></testsuite></testsuites>